2020-04-17 05:42:41 [127.0.0.1][-][-][error][yii\web\HttpException:404] yii\base\InvalidRouteException: Unable to resolve the request "login". in /mnt/f/selection-system/vendor/yiisoft/yii2/base/Module.php:537
Stack trace:
#0 /mnt/f/selection-system/vendor/yiisoft/yii2/web/Application.php(103): yii\base\Module->runAction('login', Array)
#1 /mnt/f/selection-system/vendor/yiisoft/yii2/base/Application.php(386): yii\web\Application->handleRequest(Object(yii\web\Request))
#2 /mnt/f/selection-system/web/index.php(12): yii\base\Application->run()
#3 {main}

Next yii\web\NotFoundHttpException: Page not found. in /mnt/f/selection-system/vendor/yiisoft/yii2/web/Application.php:115
Stack trace:
#0 /mnt/f/selection-system/vendor/yiisoft/yii2/base/Application.php(386): yii\web\Application->handleRequest(Object(yii\web\Request))
#1 /mnt/f/selection-system/web/index.php(12): yii\base\Application->run()
#2 {main}
2020-04-17 05:42:41 [127.0.0.1][-][-][info][application] $_GET = []

$_POST = []

$_FILES = []

$_COOKIE = []

$_SERVER = [
    'USER' => 'www-data'
    'HOME' => '/var/www'
    'HTTP_ACCEPT_LANGUAGE' => 'zh-CN,zh;q=0.9'
    'HTTP_ACCEPT_ENCODING' => 'gzip, deflate, br'
    'HTTP_SEC_FETCH_USER' => '?1'
    'HTTP_SEC_FETCH_MODE' => 'navigate'
    'HTTP_SEC_FETCH_SITE' => 'none'
    'HTTP_ACCEPT' => 'text/html,application/xhtml+xml,application/xml;q=0.9,image/webp,image/apng,*/*;q=0.8,application/signed-exchange;v=b3;q=0.9'
    'HTTP_SEC_FETCH_DEST' => 'document'
    'HTTP_USER_AGENT' => 'Mozilla/5.0 (Windows NT 10.0; Win64; x64) AppleWebKit/537.36 (KHTML, like Gecko) Chrome/80.0.3987.162 Safari/537.36'
    'HTTP_UPGRADE_INSECURE_REQUESTS' => '1'
    'HTTP_CONNECTION' => 'keep-alive'
    'HTTP_HOST' => 'localhost:759'
    'REDIRECT_STATUS' => '200'
    'SERVER_NAME' => 'selection.com'
    'SERVER_PORT' => '759'
    'SERVER_ADDR' => '127.0.0.1'
    'REMOTE_PORT' => '56881'
    'REMOTE_ADDR' => '127.0.0.1'
    'SERVER_SOFTWARE' => 'nginx/1.14.0'
    'GATEWAY_INTERFACE' => 'CGI/1.1'
    'REQUEST_SCHEME' => 'http'
    'SERVER_PROTOCOL' => 'HTTP/1.1'
    'DOCUMENT_ROOT' => '/mnt/f/selection-system/web'
    'DOCUMENT_URI' => '/index.php'
    'REQUEST_URI' => '/login'
    'SCRIPT_NAME' => '/index.php'
    'CONTENT_LENGTH' => ''
    'CONTENT_TYPE' => ''
    'REQUEST_METHOD' => 'GET'
    'QUERY_STRING' => ''
    'SCRIPT_FILENAME' => '/mnt/f/selection-system/web/index.php'
    'PATH_INFO' => ''
    'FCGI_ROLE' => 'RESPONDER'
    'PHP_SELF' => '/index.php'
    'REQUEST_TIME_FLOAT' => 1587102161.2468
    'REQUEST_TIME' => 1587102161
]
2020-04-17 05:44:46 [127.0.0.1][-][-][error][yii\web\HttpException:404] yii\base\InvalidRouteException: Unable to resolve the request "login". in /mnt/f/selection-system/vendor/yiisoft/yii2/base/Module.php:537
Stack trace:
#0 /mnt/f/selection-system/vendor/yiisoft/yii2/web/Application.php(103): yii\base\Module->runAction('login', Array)
#1 /mnt/f/selection-system/vendor/yiisoft/yii2/base/Application.php(386): yii\web\Application->handleRequest(Object(yii\web\Request))
#2 /mnt/f/selection-system/web/index.php(12): yii\base\Application->run()
#3 {main}

Next yii\web\NotFoundHttpException: Page not found. in /mnt/f/selection-system/vendor/yiisoft/yii2/web/Application.php:115
Stack trace:
#0 /mnt/f/selection-system/vendor/yiisoft/yii2/base/Application.php(386): yii\web\Application->handleRequest(Object(yii\web\Request))
#1 /mnt/f/selection-system/web/index.php(12): yii\base\Application->run()
#2 {main}
2020-04-17 05:44:46 [127.0.0.1][-][-][info][application] $_GET = []

$_POST = []

$_FILES = []

$_COOKIE = []

$_SERVER = [
    'USER' => 'www-data'
    'HOME' => '/var/www'
    'HTTP_ACCEPT_LANGUAGE' => 'zh-CN,zh;q=0.9'
    'HTTP_ACCEPT_ENCODING' => 'gzip, deflate, br'
    'HTTP_SEC_FETCH_USER' => '?1'
    'HTTP_SEC_FETCH_MODE' => 'navigate'
    'HTTP_SEC_FETCH_SITE' => 'none'
    'HTTP_ACCEPT' => 'text/html,application/xhtml+xml,application/xml;q=0.9,image/webp,image/apng,*/*;q=0.8,application/signed-exchange;v=b3;q=0.9'
    'HTTP_SEC_FETCH_DEST' => 'document'
    'HTTP_USER_AGENT' => 'Mozilla/5.0 (Windows NT 10.0; Win64; x64) AppleWebKit/537.36 (KHTML, like Gecko) Chrome/80.0.3987.162 Safari/537.36'
    'HTTP_UPGRADE_INSECURE_REQUESTS' => '1'
    'HTTP_CACHE_CONTROL' => 'max-age=0'
    'HTTP_CONNECTION' => 'keep-alive'
    'HTTP_HOST' => 'localhost:759'
    'REDIRECT_STATUS' => '200'
    'SERVER_NAME' => 'selection.com'
    'SERVER_PORT' => '759'
    'SERVER_ADDR' => '127.0.0.1'
    'REMOTE_PORT' => '57135'
    'REMOTE_ADDR' => '127.0.0.1'
    'SERVER_SOFTWARE' => 'nginx/1.14.0'
    'GATEWAY_INTERFACE' => 'CGI/1.1'
    'REQUEST_SCHEME' => 'http'
    'SERVER_PROTOCOL' => 'HTTP/1.1'
    'DOCUMENT_ROOT' => '/mnt/f/selection-system/web'
    'DOCUMENT_URI' => '/index.php'
    'REQUEST_URI' => '/login'
    'SCRIPT_NAME' => '/index.php'
    'CONTENT_LENGTH' => ''
    'CONTENT_TYPE' => ''
    'REQUEST_METHOD' => 'GET'
    'QUERY_STRING' => ''
    'SCRIPT_FILENAME' => '/mnt/f/selection-system/web/index.php'
    'PATH_INFO' => ''
    'FCGI_ROLE' => 'RESPONDER'
    'PHP_SELF' => '/index.php'
    'REQUEST_TIME_FLOAT' => 1587102286.858
    'REQUEST_TIME' => 1587102286
]
